<?xml version="1.0" encoding="UTF-8"?>
<!-- Generated by org.testng.reporters.JUnitXMLReporter -->
<testsuite hostname="Giedres-NB" ignored="0" name="Default test" tests="3" failures="0" timestamp="27 Jun 2018 13:02:00 GMT" time="33.593" errors="0">
  <testcase name="testCheckPrice" time="9.634" classname="testAkademija.CheckPriceTest"/>
  <testcase name="testCheckPrice" time="8.797" classname="testAkademija.CheckPriceTest"/>
  <testcase name="testCheckPrice" time="9.2" classname="testAkademija.CheckPriceTest"/>
</testsuite> <!-- Default test -->
